606595849
593322059
462903679
375530633
278593415
298133260
486355654
136709926
464344288
466763986
576215992
137994781
339667750
303943946
246193229
43704899
239477201
265664012
466430144
526667005
9833350
514436519
76558961
266523565
16005958
615444649
492490633
591014662
271434992
254550757
601551185
262150946
597068083
511298165
304851247
457212397
330257989
470674121
14179505
8898046
286658681
577950095
127504064
227636032
191335196
589126085
275969945
533480855
247410124
401736016
555845029
514052248
459973862
450188435
575786849
297836890
405856007
508308185
526326239
550049669
60217690
132362837
416490949
331894417
127964992
522671966
602640247
155418476
448228114
397845899
325707203
10872764
178418933
167431561
136590947
248172394
374871064
404405899
323429828
388244213
335788835
306450598
283006472
358452073
533965105
560999294
139786195
26579648
158958284
508799125
471007933
312612697
118822552
205766821
20485240
156411016
141920710
99559967
559112815
334743271
