101970895
774369160
996231652
271174931
663146395
234292617
511390104
631150079
406629726
233224635
382316706
465371515
684804410
224607830
553887081
163857115
690617534
450346886
779923883
445736991
846380550
368181131
939479115
710469013
390570088
390570088
390570088
390570088
390570088
390570088
390570088
390570088
390570088
390570088
390570088
390570088
390570088
390570088
390570088
390570088
390570088
390570088
390570088
390570088
390570088
390570088
390570088
390570088
390570088
390570088
390570088
390570088
390570088
390570088
390570088
390570088
390570088
390570088
390570088
390570088
390570088
390570088
390570088
390570088
390570088
390570088
390570088
390570088
390570088
390570088
390570088
390570088
390570088
390570088
390570088
390570088
390570088
390570088
390570088
390570088
390570088
390570088
390570088
390570088
390570088
390570088
390570088
390570088
390570088
390570088
390570088
390570088
390570088
390570088
390570088
390570088
390570088
390570088
390570088
