525558565
414087753
11424357
675156015
739926918
453078352
662727545
49036912
396623645
769165555
202290104
550194190
569568248
882986556
135404846
605631733
979348599
290625980
620236980
892061588
877520841
158190287
975356404
77748371
77748471
77748471
77748471
77748471
77748471
77748471
77748471
77748471
77748471
77748471
77748471
77748471
77748471
77748471
77748471
77748471
77748471
77748471
77748471
77748471
77748471
77748471
77748471
77748471
77748471
77748471
77748471
77748471
77748471
77748471
77748471
77748471
77748471
77748471
77748471
77748471
77748471
77748471
77748471
77748471
77748471
77748471
77748471
77748471
77748471
77748471
77748471
77748471
77748471
77748471
77748471
77748471
77748471
77748471
77748471
77748471
77748471
77748471
77748471
77748471
77748471
77748471
77748471
77748471
77748471
77748471
77748471
77748471
77748471
77748471
77748471
77748471
77748471
77748471
