538421210
824657693
589561744
256704220
212679277
803655832
151794992
527401098
724293240
547007529
956079516
376619151
451582562
398476797
812244559
386553036
398189039
95698375
884376297
441600839
643680170
848587018
658216264
615822842
677675186
677675187
677675187
677675187
677675187
677675187
677675187
677675187
677675187
677675187
677675187
677675187
677675187
677675187
677675187
677675187
677675187
677675187
677675187
677675187
677675187
677675187
677675187
677675187
677675187
677675187
677675187
677675187
677675187
677675187
677675187
677675187
677675187
677675187
677675187
677675187
677675187
677675187
677675187
677675187
677675187
677675187
677675187
677675187
677675187
677675187
677675187
677675187
677675187
677675187
677675187
677675187
677675187
677675187
677675187
677675187
677675187
677675187
677675187
677675187
677675187
677675187
677675187
677675187
677675187
677675187
677675187
677675187
677675187
677675187
677675187
677675187
677675187
677675187
677675187
677675187
677675187
