990191412
213123644
239678781
452214432
678850640
604131179
624835129
206528494
65999407
135236641
924267475
836790205
845700039
581148769
828285321
945704896
644952445
894456657
616676533
634348106
758307159
465481271
933702764
859469695
785193991
632660098
547949177
143680961
25111825
630599504
11234454
73412864
73412864
73412864
73412864
73412864
73412864
73412864
73412864
73412864
73412864
73412864
73412864
73412864
73412864
73412864
73412864
73412864
73412864
73412864
73412864
73412864
73412864
73412864
73412864
73412864
73412864
73412864
73412864
73412864
73412864
73412864
73412864
73412864
73412864
73412864
73412864
73412864
73412864
73412864
73412864
73412864
73412864
73412864
73412864
73412864
73412864
73412864
73412864
73412864
73412864
73412864
73412864
73412864
73412864
73412864
73412864
73412864
73412864
73412864
73412864
73412864
73412864
73412864
73412864
73412864
