313536721
423478003
768432952
436361960
393596229
514755052
262923444
660062411
456322669
493330823
819331173
513283559
167761310
281030408
46577309
434238977
247850876
138694021
292389187
952652990
952652990
952652990
952652990
952652990
952652990
952652990
952652990
952652990
952652990
952652990
952652990
952652990
952652990
952652990
952652990
952652990
952652990
952652990
952652990
952652990
952652990
952652990
952652990
952652990
952652990
952652990
952652990
952652990
952652990
952652990
952652990
952652990
952652990
952652990
952652990
952652990
952652990
952652990
952652990
952652990
952652990
952652990
952652990
952652990
952652990
952652990
952652990
952652990
952652990
952652990
952652990
952652990
952652990
952652990
952652990
952652990
952652990
952652990
952652990
952652990
