90735509
489768502
590052307
616936588
58897139
592990891
135123646
398601570
379094130
425439670
711171572
774350609
468121861
599327949
130925785
720452791
426220581
510085571
667569289
687544589
687544589
687544589
687544589
687544589
687544589
687544589
687544589
687544589
687544589
687544589
687544589
687544589
687544589
687544589
687544589
687544589
687544589
687544589
687544589
687544589
687544589
687544589
687544589
687544589
687544589
687544589
687544589
687544589
687544589
687544589
687544589
687544589
687544589
687544589
687544589
687544589
687544589
687544589
687544589
687544589
687544589
687544589
687544589
687544589
687544589
687544589
687544589
687544589
687544589
687544589
687544589
687544589
687544589
687544589
687544589
687544589
687544589
687544589
