86
141
160
129
129
129
110
110
110
129
129
129
110
129
129
129
114
129
123
114
114
110
117
117
117
112
112
112
109
109
112
112
112
108
108
108
108
112
116
117
116
113
114
114
114
114
114
114
115
115
116
116
115
116
115
113
114
115
115
114
115
115
115
114
114
114
114
114
115
115
115
115
116
115
116
116
116
117
117
117
117
117
117
116
116
116
116
116
115
115
115
115
115
115
115
115
115
115
114
114
114
114
115
115
115
115
115
114
114
114
113
113
113
113
113
113
113
113
113
113
113
113
113
112
112
112
112
112
112
112
112
112
112
112
112
112
112
112
112
112
112
112
112
112
112
112
112
112
112
112
112
112
112
112
112
112
112
112
112
112
112
112
112
112
112
112
112
112
112
112
112
112
112
111
111
111
111
111
110
111
110
110
110
110
110
110
110
110
110
110
110
110
110
110
109
109
110
110
110
110
